<?xml version="1.0" encoding="UTF-8"?>
<testng-results skipped="0" failed="0" total="11" passed="11">
  <reporter-output>
  </reporter-output>
  <suite name="Default suite" duration-ms="48" started-at="2019-04-10T03:11:15Z" finished-at="2019-04-10T03:11:16Z">
    <groups>
    </groups>
    <test name="Default test" duration-ms="48" started-at="2019-04-10T03:11:15Z" finished-at="2019-04-10T03:11:16Z">
      <class name="testNG_test.SimpleTestTest">
        <test-method status="PASS" signature="setUp()[pri:0, instance:testNG_test.SimpleTestTest@61a52fbd]" name="setUp" is-config="true" duration-ms="5" started-at="2019-04-10T11:11:15Z" finished-at="2019-04-10T11:11:15Z">
          <reporter-output>
          </reporter-output>
        </test-method> <!-- setUp -->
        <test-method status="PASS" signature="verifyUser(int, int, int, int, int, int, int, float, float, float, float, float)[pri:0, instance:testNG_test.SimpleTestTest@61a52fbd]" name="verifyUser" duration-ms="8" started-at="2019-04-10T11:11:15Z" data-provider="usecase" finished-at="2019-04-10T11:11:16Z">
          <params>
            <param index="0">
              <value>
                <![CDATA[1]]>
              </value>
            </param>
            <param index="1">
              <value>
                <![CDATA[0]]>
              </value>
            </param>
            <param index="2">
              <value>
                <![CDATA[0]]>
              </value>
            </param>
            <param index="3">
              <value>
                <![CDATA[0]]>
              </value>
            </param>
            <param index="4">
              <value>
                <![CDATA[1000]]>
              </value>
            </param>
            <param index="5">
              <value>
                <![CDATA[0]]>
              </value>
            </param>
            <param index="6">
              <value>
                <![CDATA[1]]>
              </value>
            </param>
            <param index="7">
              <value>
                <![CDATA[40]]>
              </value>
            </param>
            <param index="8">
              <value>
                <![CDATA[40]]>
              </value>
            </param>
            <param index="9">
              <value>
                <![CDATA[40]]>
              </value>
            </param>
            <param index="10">
              <value>
                <![CDATA[40]]>
              </value>
            </param>
            <param index="11">
              <value>
                <![CDATA[0]]>
              </value>
            </param>
          </params>
          <reporter-output>
          </reporter-output>
        </test-method> <!-- verifyUser -->
        <test-method status="PASS" signature="verifyUser(int, int, int, int, int, int, int, float, float, float, float, float)[pri:0, instance:testNG_test.SimpleTestTest@61a52fbd]" name="verifyUser" duration-ms="3" started-at="2019-04-10T11:11:16Z" data-provider="usecase" finished-at="2019-04-10T11:11:16Z">
          <params>
            <param index="0">
              <value>
                <![CDATA[2]]>
              </value>
            </param>
            <param index="1">
              <value>
                <![CDATA[0]]>
              </value>
            </param>
            <param index="2">
              <value>
                <![CDATA[0]]>
              </value>
            </param>
            <param index="3">
              <value>
                <![CDATA[0]]>
              </value>
            </param>
            <param index="4">
              <value>
                <![CDATA[1000]]>
              </value>
            </param>
            <param index="5">
              <value>
                <![CDATA[0]]>
              </value>
            </param>
            <param index="6">
              <value>
                <![CDATA[1]]>
              </value>
            </param>
            <param index="7">
              <value>
                <![CDATA[50]]>
              </value>
            </param>
            <param index="8">
              <value>
                <![CDATA[40]]>
              </value>
            </param>
            <param index="9">
              <value>
                <![CDATA[40]]>
              </value>
            </param>
            <param index="10">
              <value>
                <![CDATA[40]]>
              </value>
            </param>
            <param index="11">
              <value>
                <![CDATA[150]]>
              </value>
            </param>
          </params>
          <reporter-output>
          </reporter-output>
        </test-method> <!-- verifyUser -->
        <test-method status="PASS" signature="verifyUser(int, int, int, int, int, int, int, float, float, float, float, float)[pri:0, instance:testNG_test.SimpleTestTest@61a52fbd]" name="verifyUser" duration-ms="1" started-at="2019-04-10T11:11:16Z" data-provider="usecase" finished-at="2019-04-10T11:11:16Z">
          <params>
            <param index="0">
              <value>
                <![CDATA[3]]>
              </value>
            </param>
            <param index="1">
              <value>
                <![CDATA[0]]>
              </value>
            </param>
            <param index="2">
              <value>
                <![CDATA[0]]>
              </value>
            </param>
            <param index="3">
              <value>
                <![CDATA[0]]>
              </value>
            </param>
            <param index="4">
              <value>
                <![CDATA[1000]]>
              </value>
            </param>
            <param index="5">
              <value>
                <![CDATA[0]]>
              </value>
            </param>
            <param index="6">
              <value>
                <![CDATA[1]]>
              </value>
            </param>
            <param index="7">
              <value>
                <![CDATA[40]]>
              </value>
            </param>
            <param index="8">
              <value>
                <![CDATA[40]]>
              </value>
            </param>
            <param index="9">
              <value>
                <![CDATA[100]]>
              </value>
            </param>
            <param index="10">
              <value>
                <![CDATA[40]]>
              </value>
            </param>
            <param index="11">
              <value>
                <![CDATA[-1]]>
              </value>
            </param>
          </params>
          <reporter-output>
          </reporter-output>
        </test-method> <!-- verifyUser -->
        <test-method status="PASS" signature="verifyUser(int, int, int, int, int, int, int, float, float, float, float, float)[pri:0, instance:testNG_test.SimpleTestTest@61a52fbd]" name="verifyUser" duration-ms="1" started-at="2019-04-10T11:11:16Z" data-provider="usecase" finished-at="2019-04-10T11:11:16Z">
          <params>
            <param index="0">
              <value>
                <![CDATA[4]]>
              </value>
            </param>
            <param index="1">
              <value>
                <![CDATA[0]]>
              </value>
            </param>
            <param index="2">
              <value>
                <![CDATA[1]]>
              </value>
            </param>
            <param index="3">
              <value>
                <![CDATA[0]]>
              </value>
            </param>
            <param index="4">
              <value>
                <![CDATA[1000]]>
              </value>
            </param>
            <param index="5">
              <value>
                <![CDATA[0]]>
              </value>
            </param>
            <param index="6">
              <value>
                <![CDATA[1]]>
              </value>
            </param>
            <param index="7">
              <value>
                <![CDATA[40]]>
              </value>
            </param>
            <param index="8">
              <value>
                <![CDATA[40]]>
              </value>
            </param>
            <param index="9">
              <value>
                <![CDATA[40]]>
              </value>
            </param>
            <param index="10">
              <value>
                <![CDATA[40]]>
              </value>
            </param>
            <param index="11">
              <value>
                <![CDATA[150]]>
              </value>
            </param>
          </params>
          <reporter-output>
          </reporter-output>
        </test-method> <!-- verifyUser -->
        <test-method status="PASS" signature="verifyUser(int, int, int, int, int, int, int, float, float, float, float, float)[pri:0, instance:testNG_test.SimpleTestTest@61a52fbd]" name="verifyUser" duration-ms="6" started-at="2019-04-10T11:11:16Z" data-provider="usecase" finished-at="2019-04-10T11:11:16Z">
          <params>
            <param index="0">
              <value>
                <![CDATA[5]]>
              </value>
            </param>
            <param index="1">
              <value>
                <![CDATA[1]]>
              </value>
            </param>
            <param index="2">
              <value>
                <![CDATA[0]]>
              </value>
            </param>
            <param index="3">
              <value>
                <![CDATA[0]]>
              </value>
            </param>
            <param index="4">
              <value>
                <![CDATA[1000]]>
              </value>
            </param>
            <param index="5">
              <value>
                <![CDATA[1]]>
              </value>
            </param>
            <param index="6">
              <value>
                <![CDATA[1]]>
              </value>
            </param>
            <param index="7">
              <value>
                <![CDATA[45]]>
              </value>
            </param>
            <param index="8">
              <value>
                <![CDATA[40]]>
              </value>
            </param>
            <param index="9">
              <value>
                <![CDATA[40]]>
              </value>
            </param>
            <param index="10">
              <value>
                <![CDATA[40]]>
              </value>
            </param>
            <param index="11">
              <value>
                <![CDATA[3000]]>
              </value>
            </param>
          </params>
          <reporter-output>
          </reporter-output>
        </test-method> <!-- verifyUser -->
        <test-method status="PASS" signature="verifyUser(int, int, int, int, int, int, int, float, float, float, float, float)[pri:0, instance:testNG_test.SimpleTestTest@61a52fbd]" name="verifyUser" duration-ms="2" started-at="2019-04-10T11:11:16Z" data-provider="usecase" finished-at="2019-04-10T11:11:16Z">
          <params>
            <param index="0">
              <value>
                <![CDATA[6]]>
              </value>
            </param>
            <param index="1">
              <value>
                <![CDATA[1]]>
              </value>
            </param>
            <param index="2">
              <value>
                <![CDATA[0]]>
              </value>
            </param>
            <param index="3">
              <value>
                <![CDATA[0]]>
              </value>
            </param>
            <param index="4">
              <value>
                <![CDATA[1000]]>
              </value>
            </param>
            <param index="5">
              <value>
                <![CDATA[0]]>
              </value>
            </param>
            <param index="6">
              <value>
                <![CDATA[1]]>
              </value>
            </param>
            <param index="7">
              <value>
                <![CDATA[45]]>
              </value>
            </param>
            <param index="8">
              <value>
                <![CDATA[40]]>
              </value>
            </param>
            <param index="9">
              <value>
                <![CDATA[40]]>
              </value>
            </param>
            <param index="10">
              <value>
                <![CDATA[40]]>
              </value>
            </param>
            <param index="11">
              <value>
                <![CDATA[-1]]>
              </value>
            </param>
          </params>
          <reporter-output>
          </reporter-output>
        </test-method> <!-- verifyUser -->
        <test-method status="PASS" signature="verifyUser(int, int, int, int, int, int, int, float, float, float, float, float)[pri:0, instance:testNG_test.SimpleTestTest@61a52fbd]" name="verifyUser" duration-ms="0" started-at="2019-04-10T11:11:16Z" data-provider="usecase" finished-at="2019-04-10T11:11:16Z">
          <params>
            <param index="0">
              <value>
                <![CDATA[7]]>
              </value>
            </param>
            <param index="1">
              <value>
                <![CDATA[1]]>
              </value>
            </param>
            <param index="2">
              <value>
                <![CDATA[0]]>
              </value>
            </param>
            <param index="3">
              <value>
                <![CDATA[0]]>
              </value>
            </param>
            <param index="4">
              <value>
                <![CDATA[1000]]>
              </value>
            </param>
            <param index="5">
              <value>
                <![CDATA[1]]>
              </value>
            </param>
            <param index="6">
              <value>
                <![CDATA[1]]>
              </value>
            </param>
            <param index="7">
              <value>
                <![CDATA[32]]>
              </value>
            </param>
            <param index="8">
              <value>
                <![CDATA[40]]>
              </value>
            </param>
            <param index="9">
              <value>
                <![CDATA[40]]>
              </value>
            </param>
            <param index="10">
              <value>
                <![CDATA[100]]>
              </value>
            </param>
            <param index="11">
              <value>
                <![CDATA[1000]]>
              </value>
            </param>
          </params>
          <reporter-output>
          </reporter-output>
        </test-method> <!-- verifyUser -->
        <test-method status="PASS" signature="verifyUser(int, int, int, int, int, int, int, float, float, float, float, float)[pri:0, instance:testNG_test.SimpleTestTest@61a52fbd]" name="verifyUser" duration-ms="0" started-at="2019-04-10T11:11:16Z" data-provider="usecase" finished-at="2019-04-10T11:11:16Z">
          <params>
            <param index="0">
              <value>
                <![CDATA[8]]>
              </value>
            </param>
            <param index="1">
              <value>
                <![CDATA[1]]>
              </value>
            </param>
            <param index="2">
              <value>
                <![CDATA[0]]>
              </value>
            </param>
            <param index="3">
              <value>
                <![CDATA[0]]>
              </value>
            </param>
            <param index="4">
              <value>
                <![CDATA[1000]]>
              </value>
            </param>
            <param index="5">
              <value>
                <![CDATA[1]]>
              </value>
            </param>
            <param index="6">
              <value>
                <![CDATA[1]]>
              </value>
            </param>
            <param index="7">
              <value>
                <![CDATA[32]]>
              </value>
            </param>
            <param index="8">
              <value>
                <![CDATA[40]]>
              </value>
            </param>
            <param index="9">
              <value>
                <![CDATA[100]]>
              </value>
            </param>
            <param index="10">
              <value>
                <![CDATA[200]]>
              </value>
            </param>
            <param index="11">
              <value>
                <![CDATA[-1]]>
              </value>
            </param>
          </params>
          <reporter-output>
          </reporter-output>
        </test-method> <!-- verifyUser -->
        <test-method status="PASS" signature="verifyUser(int, int, int, int, int, int, int, float, float, float, float, float)[pri:0, instance:testNG_test.SimpleTestTest@61a52fbd]" name="verifyUser" duration-ms="1" started-at="2019-04-10T11:11:16Z" data-provider="usecase" finished-at="2019-04-10T11:11:16Z">
          <params>
            <param index="0">
              <value>
                <![CDATA[10]]>
              </value>
            </param>
            <param index="1">
              <value>
                <![CDATA[1]]>
              </value>
            </param>
            <param index="2">
              <value>
                <![CDATA[4]]>
              </value>
            </param>
            <param index="3">
              <value>
                <![CDATA[0]]>
              </value>
            </param>
            <param index="4">
              <value>
                <![CDATA[1000]]>
              </value>
            </param>
            <param index="5">
              <value>
                <![CDATA[1]]>
              </value>
            </param>
            <param index="6">
              <value>
                <![CDATA[1]]>
              </value>
            </param>
            <param index="7">
              <value>
                <![CDATA[10]]>
              </value>
            </param>
            <param index="8">
              <value>
                <![CDATA[40]]>
              </value>
            </param>
            <param index="9">
              <value>
                <![CDATA[40]]>
              </value>
            </param>
            <param index="10">
              <value>
                <![CDATA[40]]>
              </value>
            </param>
            <param index="11">
              <value>
                <![CDATA[-2]]>
              </value>
            </param>
          </params>
          <reporter-output>
          </reporter-output>
        </test-method> <!-- verifyUser -->
        <test-method status="PASS" signature="verifyUser(int, int, int, int, int, int, int, float, float, float, float, float)[pri:0, instance:testNG_test.SimpleTestTest@61a52fbd]" name="verifyUser" duration-ms="0" started-at="2019-04-10T11:11:16Z" data-provider="usecase" finished-at="2019-04-10T11:11:16Z">
          <params>
            <param index="0">
              <value>
                <![CDATA[9]]>
              </value>
            </param>
            <param index="1">
              <value>
                <![CDATA[1]]>
              </value>
            </param>
            <param index="2">
              <value>
                <![CDATA[4]]>
              </value>
            </param>
            <param index="3">
              <value>
                <![CDATA[0]]>
              </value>
            </param>
            <param index="4">
              <value>
                <![CDATA[1000]]>
              </value>
            </param>
            <param index="5">
              <value>
                <![CDATA[1]]>
              </value>
            </param>
            <param index="6">
              <value>
                <![CDATA[1]]>
              </value>
            </param>
            <param index="7">
              <value>
                <![CDATA[10]]>
              </value>
            </param>
            <param index="8">
              <value>
                <![CDATA[30]]>
              </value>
            </param>
            <param index="9">
              <value>
                <![CDATA[35]]>
              </value>
            </param>
            <param index="10">
              <value>
                <![CDATA[40]]>
              </value>
            </param>
            <param index="11">
              <value>
                <![CDATA[0]]>
              </value>
            </param>
          </params>
          <reporter-output>
          </reporter-output>
        </test-method> <!-- verifyUser -->
        <test-method status="PASS" signature="verifyUser(int, int, int, int, int, int, int, float, float, float, float, float)[pri:0, instance:testNG_test.SimpleTestTest@61a52fbd]" name="verifyUser" duration-ms="1" started-at="2019-04-10T11:11:16Z" data-provider="usecase" finished-at="2019-04-10T11:11:16Z">
          <params>
            <param index="0">
              <value>
                <![CDATA[11]]>
              </value>
            </param>
            <param index="1">
              <value>
                <![CDATA[1]]>
              </value>
            </param>
            <param index="2">
              <value>
                <![CDATA[4]]>
              </value>
            </param>
            <param index="3">
              <value>
                <![CDATA[0]]>
              </value>
            </param>
            <param index="4">
              <value>
                <![CDATA[1000]]>
              </value>
            </param>
            <param index="5">
              <value>
                <![CDATA[1]]>
              </value>
            </param>
            <param index="6">
              <value>
                <![CDATA[1]]>
              </value>
            </param>
            <param index="7">
              <value>
                <![CDATA[11]]>
              </value>
            </param>
            <param index="8">
              <value>
                <![CDATA[30]]>
              </value>
            </param>
            <param index="9">
              <value>
                <![CDATA[35]]>
              </value>
            </param>
            <param index="10">
              <value>
                <![CDATA[40]]>
              </value>
            </param>
            <param index="11">
              <value>
                <![CDATA[-2]]>
              </value>
            </param>
          </params>
          <reporter-output>
          </reporter-output>
        </test-method> <!-- verifyUser -->
        <test-method status="PASS" signature="afterClass()[pri:0, instance:testNG_test.SimpleTestTest@61a52fbd]" name="afterClass" is-config="true" duration-ms="0" started-at="2019-04-10T11:11:16Z" finished-at="2019-04-10T11:11:16Z">
          <reporter-output>
          </reporter-output>
        </test-method> <!-- afterClass -->
      </class> <!-- testNG_test.SimpleTestTest -->
    </test> <!-- Default test -->
  </suite> <!-- Default suite -->
</testng-results>
