<?xml version="1.0" encoding="UTF-8"?>
<!-- Generated by org.testng.reporters.JUnitXMLReporter -->
<testsuite hostname="DIANCHAO-7559" name="Default test" tests="11" failures="0" timestamp="10 Apr 2019 03:11:16 GMT" time="0.048" errors="0">
  <testcase name="verifyUser" time="0.008" classname="testNG_test.SimpleTestTest"/>
  <testcase name="verifyUser" time="0.003" classname="testNG_test.SimpleTestTest"/>
  <testcase name="verifyUser" time="0.001" classname="testNG_test.SimpleTestTest"/>
  <testcase name="verifyUser" time="0.001" classname="testNG_test.SimpleTestTest"/>
  <testcase name="verifyUser" time="0.006" classname="testNG_test.SimpleTestTest"/>
  <testcase name="verifyUser" time="0.002" classname="testNG_test.SimpleTestTest"/>
  <testcase name="verifyUser" time="0.0" classname="testNG_test.SimpleTestTest"/>
  <testcase name="verifyUser" time="0.0" classname="testNG_test.SimpleTestTest"/>
  <testcase name="verifyUser" time="0.0" classname="testNG_test.SimpleTestTest"/>
  <testcase name="verifyUser" time="0.001" classname="testNG_test.SimpleTestTest"/>
  <testcase name="verifyUser" time="0.001" classname="testNG_test.SimpleTestTest"/>
</testsuite> <!-- Default test -->
